     1                                  section .data
     2                                  
     3 00000000 000000000000000001-     array: dq 0,1,2,3,4,5
     3 00000009 000000000000000200-
     3 00000012 000000000000030000-
     3 0000001B 000000000004000000-
     3 00000024 000000000500000000-
     3 0000002D 000000             
     4 00000030 0600000000000000        array_length: dq 6
     5                                  
     6 00000038 5468652073756D206F-     message: db "The sum of array is %ld", 10, 0
     6 00000041 662061727261792069-
     6 0000004A 7320256C640A00     
     7                                  
     8                                  section .text
     9                                  global main
    10                                  extern printf
    11                                  
    12                                  main:
    13                                  
    14 00000000 55                          push rbp
    15 00000001 4889E5                      mov rbp, rsp
    16                                  
    17                                      ;rdi = &array
    18 00000004 48BF-                       mov rdi, array
    18 00000006 [0000000000000000] 
    19                                      ;i = 0
    20 0000000E 4831C9                      xor rcx, rcx
    21                                      ;sum = 0
    22 00000011 4831C0                      xor rax, rax
    23                                      ;array_length = 6
    24 00000014 488B1C25[30000000]          mov rbx, [array_length] 
    25                                  
    26                                      while_loop:
    27 0000001C 480307                          add rax, [rdi]
    28 0000001F 4883C708                        add rdi, 8
    29                                          ;i += 1
    30 00000023 48FFC1                          inc rcx
    31                                          ;if i <= array_length
    32 00000026 4839D9                          cmp rcx, rbx
    33 00000029 7EF1                            jle while_loop
    34                                      
    35                                      print_message:
    36                                          ;printf("The sum of array is %ld", rax)
    37 0000002B 48BF-                           mov rdi, message
    37 0000002D [3800000000000000] 
    38 00000035 4889C6                          mov rsi, rax
    39 00000038 4831C0                          xor rax, rax
    40 0000003B E8(00000000)                    call printf
    41                                  
    42 00000040 4889EC                          mov rsp, rbp
    43 00000043 5D                              pop rbp
    44 00000044 C3                              ret
    45                                  
